<?xml version="1.0" encoding="UTF-8" standalone="no"?>
<testsuite errors="0" failures="3" name="io.cucumber.core.plugin.JUnitFormatter" skipped="0" tests="3" time="70.254">
    <testcase classname="Login feature" name="Login with different users" time="29.769">
        <failure message="org/testng/Assert" type="java.lang.NoClassDefFoundError">
            <![CDATA[Given i am able to navigate on login page...................................passed
When i update the username as "linda.anderson"..............................passed
And i update the password as "linda.anderson"...............................passed
And i click on the login button.............................................passed
Then i should see the username as "Welcome Linda"...........................failed

StackTrace:
java.lang.NoClassDefFoundError: org/testng/Assert
	at StepDefinition.Login.i_should_see_the_username_as(Login.java:62)
	at ✽.i should see the username as "Welcome Linda"(file:///C:/Users/hp/eclipse-workspace/Cucumber_Maven/src/test/resources/Login/Login.feature:29)
Caused by: java.lang.ClassNotFoundException: org.testng.Assert
	at java.base/jdk.internal.loader.BuiltinClassLoader.loadClass(BuiltinClassLoader.java:581)
	at java.base/jdk.internal.loader.ClassLoaders$AppClassLoader.loadClass(ClassLoaders.java:178)
	at java.base/java.lang.ClassLoader.loadClass(ClassLoader.java:521)
	at StepDefinition.Login.i_should_see_the_username_as(Login.java:62)
	at java.base/jdk.internal.reflect.NativeMethodAccessorImpl.invoke0(Native Method)
	at java.base/jdk.internal.reflect.NativeMethodAccessorImpl.invoke(NativeMethodAccessorImpl.java:62)
	at java.base/jdk.internal.reflect.DelegatingMethodAccessorImpl.invoke(DelegatingMethodAccessorImpl.java:43)
	at java.base/java.lang.reflect.Method.invoke(Method.java:566)
	at io.cucumber.java.Invoker.doInvoke(Invoker.java:66)
	at io.cucumber.java.Invoker.invoke(Invoker.java:24)
	at io.cucumber.java.AbstractGlueDefinition.invokeMethod(AbstractGlueDefinition.java:47)
	at io.cucumber.java.JavaStepDefinition.execute(JavaStepDefinition.java:29)
	at io.cucumber.core.runner.CoreStepDefinition.execute(CoreStepDefinition.java:66)
	at io.cucumber.core.runner.PickleStepDefinitionMatch.runStep(PickleStepDefinitionMatch.java:63)
	at io.cucumber.core.runner.ExecutionMode$1.execute(ExecutionMode.java:10)
	at io.cucumber.core.runner.TestStep.executeStep(TestStep.java:92)
	at io.cucumber.core.runner.TestStep.run(TestStep.java:64)
	at io.cucumber.core.runner.PickleStepTestStep.run(PickleStepTestStep.java:51)
	at io.cucumber.core.runner.TestCase.run(TestCase.java:104)
	at io.cucumber.core.runner.Runner.runPickle(Runner.java:71)
	at io.cucumber.junit.PickleRunners$NoStepDescriptions.run(PickleRunners.java:151)
	at io.cucumber.junit.FeatureRunner.runChild(FeatureRunner.java:135)
	at io.cucumber.junit.FeatureRunner.runChild(FeatureRunner.java:27)
	at org.junit.runners.ParentRunner$4.run(ParentRunner.java:331)
	at org.junit.runners.ParentRunner$1.schedule(ParentRunner.java:79)
	at org.junit.runners.ParentRunner.runChildren(ParentRunner.java:329)
	at org.junit.runners.ParentRunner.access$100(ParentRunner.java:66)
	at org.junit.runners.ParentRunner$2.evaluate(ParentRunner.java:293)
	at org.junit.runners.ParentRunner$3.evaluate(ParentRunner.java:306)
	at org.junit.runners.ParentRunner.run(ParentRunner.java:413)
	at io.cucumber.junit.Cucumber.runChild(Cucumber.java:199)
	at io.cucumber.junit.Cucumber.runChild(Cucumber.java:90)
	at org.junit.runners.ParentRunner$4.run(ParentRunner.java:331)
	at org.junit.runners.ParentRunner$1.schedule(ParentRunner.java:79)
	at org.junit.runners.ParentRunner.runChildren(ParentRunner.java:329)
	at org.junit.runners.ParentRunner.access$100(ParentRunner.java:66)
	at org.junit.runners.ParentRunner$2.evaluate(ParentRunner.java:293)
	at io.cucumber.junit.Cucumber$RunCucumber.evaluate(Cucumber.java:234)
	at org.junit.runners.ParentRunner$3.evaluate(ParentRunner.java:306)
	at org.junit.runners.ParentRunner.run(ParentRunner.java:413)
	at org.apache.maven.surefire.junit4.JUnit4Provider.execute(JUnit4Provider.java:252)
	at org.apache.maven.surefire.junit4.JUnit4Provider.executeTestSet(JUnit4Provider.java:141)
	at org.apache.maven.surefire.junit4.JUnit4Provider.invoke(JUnit4Provider.java:112)
	at java.base/jdk.internal.reflect.NativeMethodAccessorImpl.invoke0(Native Method)
	at java.base/jdk.internal.reflect.NativeMethodAccessorImpl.invoke(NativeMethodAccessorImpl.java:62)
	at java.base/jdk.internal.reflect.DelegatingMethodAccessorImpl.invoke(DelegatingMethodAccessorImpl.java:43)
	at java.base/java.lang.reflect.Method.invoke(Method.java:566)
	at org.apache.maven.surefire.util.ReflectionUtils.invokeMethodWithArray(ReflectionUtils.java:189)
	at org.apache.maven.surefire.booter.ProviderFactory$ProviderProxy.invoke(ProviderFactory.java:165)
	at org.apache.maven.surefire.booter.ProviderFactory.invokeProvider(ProviderFactory.java:85)
	at org.apache.maven.surefire.booter.ForkedBooter.runSuitesInProcess(ForkedBooter.java:115)
	at org.apache.maven.surefire.booter.ForkedBooter.main(ForkedBooter.java:75)
]]>
        </failure>
    </testcase>
    <testcase classname="Login feature" name="Login with different users 2" time="20.355">
        <failure message="org/testng/Assert" type="java.lang.NoClassDefFoundError">
            <![CDATA[Given i am able to navigate on login page...................................passed
When i update the username as "linda.anderson"..............................passed
And i update the password as "linda.anderson"...............................passed
And i click on the login button.............................................passed
Then i should see the username as "Welcome Linda"...........................failed

StackTrace:
java.lang.NoClassDefFoundError: org/testng/Assert
	at StepDefinition.Login.i_should_see_the_username_as(Login.java:62)
	at ✽.i should see the username as "Welcome Linda"(file:///C:/Users/hp/eclipse-workspace/Cucumber_Maven/src/test/resources/Login/Login.feature:29)
]]>
        </failure>
    </testcase>
    <testcase classname="Login feature" name="negative login" time="19.816">
        <failure message="org/testng/Assert" type="java.lang.NoClassDefFoundError">
            <![CDATA[Given i am able to navigate on login page...................................passed
Given i am able to navigate on login page...................................passed
When i update the username as "sunil".......................................passed
And i update the password as "sunil"........................................passed
And i click on the login button.............................................passed
Then i should see the error message as "Invalid credentials"................failed

StackTrace:
java.lang.NoClassDefFoundError: org/testng/Assert
	at StepDefinition.Login.i_should_see_the_error_message_as(Login.java:73)
	at ✽.i should see the error message as "Invalid credentials"(file:///C:/Users/hp/eclipse-workspace/Cucumber_Maven/src/test/resources/Login/Login.feature:42)
]]>
        </failure>
    </testcase>
</testsuite>
